
[36mRestFrames v1.0.0 -- Developed by Christopher Rogan (crogan@cern.ch)
                     Copyright (c) 2014-2018, Christopher Rogan
                     http://RestFrames.com
[0m
   Adding file /mnt/hadoop/user/uscms01/pnfs/unl.edu/data4/cms/store/user/eschmitz/Ewkinos/WZ_TuneCP5_13TeV-pythia8/crab_WZ_TuneCP5_13TeV-pythia8_RunIIFall17MiniAODv2PU2017_12Apr2018_94X_mc2017_realistic_v14/190129_190959/0000/stopFlatNtuples_1-1.root
   Adding file /mnt/hadoop/user/uscms01/pnfs/unl.edu/data4/cms/store/user/eschmitz/Ewkinos/WZ_TuneCP5_13TeV-pythia8/crab_WZ_TuneCP5_13TeV-pythia8_RunIIFall17MiniAODv2PU2017_12Apr2018_94X_mc2017_realistic_v14/190129_190959/0000/stopFlatNtuples_1-2.root
   Adding file /mnt/hadoop/user/uscms01/pnfs/unl.edu/data4/cms/store/user/eschmitz/Ewkinos/WZ_TuneCP5_13TeV-pythia8/crab_WZ_TuneCP5_13TeV-pythia8_RunIIFall17MiniAODv2PU2017_12Apr2018_94X_mc2017_realistic_v14/190129_190959/0000/stopFlatNtuples_1-3.root
   Adding file /mnt/hadoop/user/uscms01/pnfs/unl.edu/data4/cms/store/user/eschmitz/Ewkinos/WZ_TuneCP5_13TeV-pythia8/crab_WZ_TuneCP5_13TeV-pythia8_RunIIFall17MiniAODv2PU2017_12Apr2018_94X_mc2017_realistic_v14/190129_190959/0000/stopFlatNtuples_1-4.root
   Adding file /mnt/hadoop/user/uscms01/pnfs/unl.edu/data4/cms/store/user/eschmitz/Ewkinos/WZ_TuneCP5_13TeV-pythia8/crab_WZ_TuneCP5_13TeV-pythia8_RunIIFall17MiniAODv2PU2017_12Apr2018_94X_mc2017_realistic_v14/190129_190959/0000/stopFlatNtuples_1.root
   Adding file /mnt/hadoop/user/uscms01/pnfs/unl.edu/data4/cms/store/user/eschmitz/Ewkinos/WZ_TuneCP5_13TeV-pythia8/crab_WZ_TuneCP5_13TeV-pythia8_RunIIFall17MiniAODv2PU2017_12Apr2018_94X_mc2017_realistic_v14/190129_190959/0000/stopFlatNtuples_10.root
   Adding file /mnt/hadoop/user/uscms01/pnfs/unl.edu/data4/cms/store/user/eschmitz/Ewkinos/WZ_TuneCP5_13TeV-pythia8/crab_WZ_TuneCP5_13TeV-pythia8_RunIIFall17MiniAODv2PU2017_12Apr2018_94X_mc2017_realistic_v14/190129_190959/0000/stopFlatNtuples_11.root
   Adding file /mnt/hadoop/user/uscms01/pnfs/unl.edu/data4/cms/store/user/eschmitz/Ewkinos/WZ_TuneCP5_13TeV-pythia8/crab_WZ_TuneCP5_13TeV-pythia8_RunIIFall17MiniAODv2PU2017_12Apr2018_94X_mc2017_realistic_v14/190129_190959/0000/stopFlatNtuples_12.root
   Adding file /mnt/hadoop/user/uscms01/pnfs/unl.edu/data4/cms/store/user/eschmitz/Ewkinos/WZ_TuneCP5_13TeV-pythia8/crab_WZ_TuneCP5_13TeV-pythia8_RunIIFall17MiniAODv2PU2017_12Apr2018_94X_mc2017_realistic_v14/190129_190959/0000/stopFlatNtuples_13.root
   Adding file /mnt/hadoop/user/uscms01/pnfs/unl.edu/data4/cms/store/user/eschmitz/Ewkinos/WZ_TuneCP5_13TeV-pythia8/crab_WZ_TuneCP5_13TeV-pythia8_RunIIFall17MiniAODv2PU2017_12Apr2018_94X_mc2017_realistic_v14/190129_190959/0000/stopFlatNtuples_14.root
   Adding file /mnt/hadoop/user/uscms01/pnfs/unl.edu/data4/cms/store/user/eschmitz/Ewkinos/WZ_TuneCP5_13TeV-pythia8/crab_WZ_TuneCP5_13TeV-pythia8_RunIIFall17MiniAODv2PU2017_12Apr2018_94X_mc2017_realistic_v14/190129_190959/0000/stopFlatNtuples_15.root
   Adding file /mnt/hadoop/user/uscms01/pnfs/unl.edu/data4/cms/store/user/eschmitz/Ewkinos/WZ_TuneCP5_13TeV-pythia8/crab_WZ_TuneCP5_13TeV-pythia8_RunIIFall17MiniAODv2PU2017_12Apr2018_94X_mc2017_realistic_v14/190129_190959/0000/stopFlatNtuples_16.root
   Adding file /mnt/hadoop/user/uscms01/pnfs/unl.edu/data4/cms/store/user/eschmitz/Ewkinos/WZ_TuneCP5_13TeV-pythia8/crab_WZ_TuneCP5_13TeV-pythia8_RunIIFall17MiniAODv2PU2017_12Apr2018_94X_mc2017_realistic_v14/190129_190959/0000/stopFlatNtuples_17.root
   Adding file /mnt/hadoop/user/uscms01/pnfs/unl.edu/data4/cms/store/user/eschmitz/Ewkinos/WZ_TuneCP5_13TeV-pythia8/crab_WZ_TuneCP5_13TeV-pythia8_RunIIFall17MiniAODv2PU2017_12Apr2018_94X_mc2017_realistic_v14/190129_190959/0000/stopFlatNtuples_18.root
   Adding file /mnt/hadoop/user/uscms01/pnfs/unl.edu/data4/cms/store/user/eschmitz/Ewkinos/WZ_TuneCP5_13TeV-pythia8/crab_WZ_TuneCP5_13TeV-pythia8_RunIIFall17MiniAODv2PU2017_12Apr2018_94X_mc2017_realistic_v14/190129_190959/0000/stopFlatNtuples_2.root
   Adding file /mnt/hadoop/user/uscms01/pnfs/unl.edu/data4/cms/store/user/eschmitz/Ewkinos/WZ_TuneCP5_13TeV-pythia8/crab_WZ_TuneCP5_13TeV-pythia8_RunIIFall17MiniAODv2PU2017_12Apr2018_94X_mc2017_realistic_v14/190129_190959/0000/stopFlatNtuples_20.root
   Adding file /mnt/hadoop/user/uscms01/pnfs/unl.edu/data4/cms/store/user/eschmitz/Ewkinos/WZ_TuneCP5_13TeV-pythia8/crab_WZ_TuneCP5_13TeV-pythia8_RunIIFall17MiniAODv2PU2017_12Apr2018_94X_mc2017_realistic_v14/190129_190959/0000/stopFlatNtuples_21.root
   Adding file /mnt/hadoop/user/uscms01/pnfs/unl.edu/data4/cms/store/user/eschmitz/Ewkinos/WZ_TuneCP5_13TeV-pythia8/crab_WZ_TuneCP5_13TeV-pythia8_RunIIFall17MiniAODv2PU2017_12Apr2018_94X_mc2017_realistic_v14/190129_190959/0000/stopFlatNtuples_22.root
   Adding file /mnt/hadoop/user/uscms01/pnfs/unl.edu/data4/cms/store/user/eschmitz/Ewkinos/WZ_TuneCP5_13TeV-pythia8/crab_WZ_TuneCP5_13TeV-pythia8_RunIIFall17MiniAODv2PU2017_12Apr2018_94X_mc2017_realistic_v14/190129_190959/0000/stopFlatNtuples_23.root
   Adding file /mnt/hadoop/user/uscms01/pnfs/unl.edu/data4/cms/store/user/eschmitz/Ewkinos/WZ_TuneCP5_13TeV-pythia8/crab_WZ_TuneCP5_13TeV-pythia8_RunIIFall17MiniAODv2PU2017_12Apr2018_94X_mc2017_realistic_v14/190129_190959/0000/stopFlatNtuples_24.root
   Adding file /mnt/hadoop/user/uscms01/pnfs/unl.edu/data4/cms/store/user/eschmitz/Ewkinos/WZ_TuneCP5_13TeV-pythia8/crab_WZ_TuneCP5_13TeV-pythia8_RunIIFall17MiniAODv2PU2017_12Apr2018_94X_mc2017_realistic_v14/190129_190959/0000/stopFlatNtuples_25.root
   Adding file /mnt/hadoop/user/uscms01/pnfs/unl.edu/data4/cms/store/user/eschmitz/Ewkinos/WZ_TuneCP5_13TeV-pythia8/crab_WZ_TuneCP5_13TeV-pythia8_RunIIFall17MiniAODv2PU2017_12Apr2018_94X_mc2017_realistic_v14/190129_190959/0000/stopFlatNtuples_26.root
   Adding file /mnt/hadoop/user/uscms01/pnfs/unl.edu/data4/cms/store/user/eschmitz/Ewkinos/WZ_TuneCP5_13TeV-pythia8/crab_WZ_TuneCP5_13TeV-pythia8_RunIIFall17MiniAODv2PU2017_12Apr2018_94X_mc2017_realistic_v14/190129_190959/0000/stopFlatNtuples_27.root
   Adding file /mnt/hadoop/user/uscms01/pnfs/unl.edu/data4/cms/store/user/eschmitz/Ewkinos/WZ_TuneCP5_13TeV-pythia8/crab_WZ_TuneCP5_13TeV-pythia8_RunIIFall17MiniAODv2PU2017_12Apr2018_94X_mc2017_realistic_v14/190129_190959/0000/stopFlatNtuples_28.root
   Adding file /mnt/hadoop/user/uscms01/pnfs/unl.edu/data4/cms/store/user/eschmitz/Ewkinos/WZ_TuneCP5_13TeV-pythia8/crab_WZ_TuneCP5_13TeV-pythia8_RunIIFall17MiniAODv2PU2017_12Apr2018_94X_mc2017_realistic_v14/190129_190959/0000/stopFlatNtuples_29.root
   Adding file /mnt/hadoop/user/uscms01/pnfs/unl.edu/data4/cms/store/user/eschmitz/Ewkinos/WZ_TuneCP5_13TeV-pythia8/crab_WZ_TuneCP5_13TeV-pythia8_RunIIFall17MiniAODv2PU2017_12Apr2018_94X_mc2017_realistic_v14/190129_190959/0000/stopFlatNtuples_3.root
   Adding file /mnt/hadoop/user/uscms01/pnfs/unl.edu/data4/cms/store/user/eschmitz/Ewkinos/WZ_TuneCP5_13TeV-pythia8/crab_WZ_TuneCP5_13TeV-pythia8_RunIIFall17MiniAODv2PU2017_12Apr2018_94X_mc2017_realistic_v14/190129_190959/0000/stopFlatNtuples_30.root
   Adding file /mnt/hadoop/user/uscms01/pnfs/unl.edu/data4/cms/store/user/eschmitz/Ewkinos/WZ_TuneCP5_13TeV-pythia8/crab_WZ_TuneCP5_13TeV-pythia8_RunIIFall17MiniAODv2PU2017_12Apr2018_94X_mc2017_realistic_v14/190129_190959/0000/stopFlatNtuples_31.root
   Adding file /mnt/hadoop/user/uscms01/pnfs/unl.edu/data4/cms/store/user/eschmitz/Ewkinos/WZ_TuneCP5_13TeV-pythia8/crab_WZ_TuneCP5_13TeV-pythia8_RunIIFall17MiniAODv2PU2017_12Apr2018_94X_mc2017_realistic_v14/190129_190959/0000/stopFlatNtuples_32.root
   Adding file /mnt/hadoop/user/uscms01/pnfs/unl.edu/data4/cms/store/user/eschmitz/Ewkinos/WZ_TuneCP5_13TeV-pythia8/crab_WZ_TuneCP5_13TeV-pythia8_RunIIFall17MiniAODv2PU2017_12Apr2018_94X_mc2017_realistic_v14/190129_190959/0000/stopFlatNtuples_33.root
   Adding file /mnt/hadoop/user/uscms01/pnfs/unl.edu/data4/cms/store/user/eschmitz/Ewkinos/WZ_TuneCP5_13TeV-pythia8/crab_WZ_TuneCP5_13TeV-pythia8_RunIIFall17MiniAODv2PU2017_12Apr2018_94X_mc2017_realistic_v14/190129_190959/0000/stopFlatNtuples_34.root
   Adding file /mnt/hadoop/user/uscms01/pnfs/unl.edu/data4/cms/store/user/eschmitz/Ewkinos/WZ_TuneCP5_13TeV-pythia8/crab_WZ_TuneCP5_13TeV-pythia8_RunIIFall17MiniAODv2PU2017_12Apr2018_94X_mc2017_realistic_v14/190129_190959/0000/stopFlatNtuples_35.root
   Adding file /mnt/hadoop/user/uscms01/pnfs/unl.edu/data4/cms/store/user/eschmitz/Ewkinos/WZ_TuneCP5_13TeV-pythia8/crab_WZ_TuneCP5_13TeV-pythia8_RunIIFall17MiniAODv2PU2017_12Apr2018_94X_mc2017_realistic_v14/190129_190959/0000/stopFlatNtuples_36.root
   Adding file /mnt/hadoop/user/uscms01/pnfs/unl.edu/data4/cms/store/user/eschmitz/Ewkinos/WZ_TuneCP5_13TeV-pythia8/crab_WZ_TuneCP5_13TeV-pythia8_RunIIFall17MiniAODv2PU2017_12Apr2018_94X_mc2017_realistic_v14/190129_190959/0000/stopFlatNtuples_37.root
   Adding file /mnt/hadoop/user/uscms01/pnfs/unl.edu/data4/cms/store/user/eschmitz/Ewkinos/WZ_TuneCP5_13TeV-pythia8/crab_WZ_TuneCP5_13TeV-pythia8_RunIIFall17MiniAODv2PU2017_12Apr2018_94X_mc2017_realistic_v14/190129_190959/0000/stopFlatNtuples_38.root
   Adding file /mnt/hadoop/user/uscms01/pnfs/unl.edu/data4/cms/store/user/eschmitz/Ewkinos/WZ_TuneCP5_13TeV-pythia8/crab_WZ_TuneCP5_13TeV-pythia8_RunIIFall17MiniAODv2PU2017_12Apr2018_94X_mc2017_realistic_v14/190129_190959/0000/stopFlatNtuples_39.root
   Adding file /mnt/hadoop/user/uscms01/pnfs/unl.edu/data4/cms/store/user/eschmitz/Ewkinos/WZ_TuneCP5_13TeV-pythia8/crab_WZ_TuneCP5_13TeV-pythia8_RunIIFall17MiniAODv2PU2017_12Apr2018_94X_mc2017_realistic_v14/190129_190959/0000/stopFlatNtuples_4.root
   Adding file /mnt/hadoop/user/uscms01/pnfs/unl.edu/data4/cms/store/user/eschmitz/Ewkinos/WZ_TuneCP5_13TeV-pythia8/crab_WZ_TuneCP5_13TeV-pythia8_RunIIFall17MiniAODv2PU2017_12Apr2018_94X_mc2017_realistic_v14/190129_190959/0000/stopFlatNtuples_40.root
   Adding file /mnt/hadoop/user/uscms01/pnfs/unl.edu/data4/cms/store/user/eschmitz/Ewkinos/WZ_TuneCP5_13TeV-pythia8/crab_WZ_TuneCP5_13TeV-pythia8_RunIIFall17MiniAODv2PU2017_12Apr2018_94X_mc2017_realistic_v14/190129_190959/0000/stopFlatNtuples_41.root
   Adding file /mnt/hadoop/user/uscms01/pnfs/unl.edu/data4/cms/store/user/eschmitz/Ewkinos/WZ_TuneCP5_13TeV-pythia8/crab_WZ_TuneCP5_13TeV-pythia8_RunIIFall17MiniAODv2PU2017_12Apr2018_94X_mc2017_realistic_v14/190129_190959/0000/stopFlatNtuples_42.root
   Adding file /mnt/hadoop/user/uscms01/pnfs/unl.edu/data4/cms/store/user/eschmitz/Ewkinos/WZ_TuneCP5_13TeV-pythia8/crab_WZ_TuneCP5_13TeV-pythia8_RunIIFall17MiniAODv2PU2017_12Apr2018_94X_mc2017_realistic_v14/190129_190959/0000/stopFlatNtuples_43.root
   Adding file /mnt/hadoop/user/uscms01/pnfs/unl.edu/data4/cms/store/user/eschmitz/Ewkinos/WZ_TuneCP5_13TeV-pythia8/crab_WZ_TuneCP5_13TeV-pythia8_RunIIFall17MiniAODv2PU2017_12Apr2018_94X_mc2017_realistic_v14/190129_190959/0000/stopFlatNtuples_44.root
   Adding file /mnt/hadoop/user/uscms01/pnfs/unl.edu/data4/cms/store/user/eschmitz/Ewkinos/WZ_TuneCP5_13TeV-pythia8/crab_WZ_TuneCP5_13TeV-pythia8_RunIIFall17MiniAODv2PU2017_12Apr2018_94X_mc2017_realistic_v14/190129_190959/0000/stopFlatNtuples_45.root
   Adding file /mnt/hadoop/user/uscms01/pnfs/unl.edu/data4/cms/store/user/eschmitz/Ewkinos/WZ_TuneCP5_13TeV-pythia8/crab_WZ_TuneCP5_13TeV-pythia8_RunIIFall17MiniAODv2PU2017_12Apr2018_94X_mc2017_realistic_v14/190129_190959/0000/stopFlatNtuples_46.root
   Adding file /mnt/hadoop/user/uscms01/pnfs/unl.edu/data4/cms/store/user/eschmitz/Ewkinos/WZ_TuneCP5_13TeV-pythia8/crab_WZ_TuneCP5_13TeV-pythia8_RunIIFall17MiniAODv2PU2017_12Apr2018_94X_mc2017_realistic_v14/190129_190959/0000/stopFlatNtuples_47.root
   Adding file /mnt/hadoop/user/uscms01/pnfs/unl.edu/data4/cms/store/user/eschmitz/Ewkinos/WZ_TuneCP5_13TeV-pythia8/crab_WZ_TuneCP5_13TeV-pythia8_RunIIFall17MiniAODv2PU2017_12Apr2018_94X_mc2017_realistic_v14/190129_190959/0000/stopFlatNtuples_48.root
   Adding file /mnt/hadoop/user/uscms01/pnfs/unl.edu/data4/cms/store/user/eschmitz/Ewkinos/WZ_TuneCP5_13TeV-pythia8/crab_WZ_TuneCP5_13TeV-pythia8_RunIIFall17MiniAODv2PU2017_12Apr2018_94X_mc2017_realistic_v14/190129_190959/0000/stopFlatNtuples_49.root
   Adding file /mnt/hadoop/user/uscms01/pnfs/unl.edu/data4/cms/store/user/eschmitz/Ewkinos/WZ_TuneCP5_13TeV-pythia8/crab_WZ_TuneCP5_13TeV-pythia8_RunIIFall17MiniAODv2PU2017_12Apr2018_94X_mc2017_realistic_v14/190129_190959/0000/stopFlatNtuples_5.root
   Adding file /mnt/hadoop/user/uscms01/pnfs/unl.edu/data4/cms/store/user/eschmitz/Ewkinos/WZ_TuneCP5_13TeV-pythia8/crab_WZ_TuneCP5_13TeV-pythia8_RunIIFall17MiniAODv2PU2017_12Apr2018_94X_mc2017_realistic_v14/190129_190959/0000/stopFlatNtuples_50.root
   Adding file /mnt/hadoop/user/uscms01/pnfs/unl.edu/data4/cms/store/user/eschmitz/Ewkinos/WZ_TuneCP5_13TeV-pythia8/crab_WZ_TuneCP5_13TeV-pythia8_RunIIFall17MiniAODv2PU2017_12Apr2018_94X_mc2017_realistic_v14/190129_190959/0000/stopFlatNtuples_51.root
   Adding file /mnt/hadoop/user/uscms01/pnfs/unl.edu/data4/cms/store/user/eschmitz/Ewkinos/WZ_TuneCP5_13TeV-pythia8/crab_WZ_TuneCP5_13TeV-pythia8_RunIIFall17MiniAODv2PU2017_12Apr2018_94X_mc2017_realistic_v14/190129_190959/0000/stopFlatNtuples_52.root
   Adding file /mnt/hadoop/user/uscms01/pnfs/unl.edu/data4/cms/store/user/eschmitz/Ewkinos/WZ_TuneCP5_13TeV-pythia8/crab_WZ_TuneCP5_13TeV-pythia8_RunIIFall17MiniAODv2PU2017_12Apr2018_94X_mc2017_realistic_v14/190129_190959/0000/stopFlatNtuples_53.root
   Adding file /mnt/hadoop/user/uscms01/pnfs/unl.edu/data4/cms/store/user/eschmitz/Ewkinos/WZ_TuneCP5_13TeV-pythia8/crab_WZ_TuneCP5_13TeV-pythia8_RunIIFall17MiniAODv2PU2017_12Apr2018_94X_mc2017_realistic_v14/190129_190959/0000/stopFlatNtuples_54.root
   Adding file /mnt/hadoop/user/uscms01/pnfs/unl.edu/data4/cms/store/user/eschmitz/Ewkinos/WZ_TuneCP5_13TeV-pythia8/crab_WZ_TuneCP5_13TeV-pythia8_RunIIFall17MiniAODv2PU2017_12Apr2018_94X_mc2017_realistic_v14/190129_190959/0000/stopFlatNtuples_55.root
   Adding file /mnt/hadoop/user/uscms01/pnfs/unl.edu/data4/cms/store/user/eschmitz/Ewkinos/WZ_TuneCP5_13TeV-pythia8/crab_WZ_TuneCP5_13TeV-pythia8_RunIIFall17MiniAODv2PU2017_12Apr2018_94X_mc2017_realistic_v14/190129_190959/0000/stopFlatNtuples_56.root
   Adding file /mnt/hadoop/user/uscms01/pnfs/unl.edu/data4/cms/store/user/eschmitz/Ewkinos/WZ_TuneCP5_13TeV-pythia8/crab_WZ_TuneCP5_13TeV-pythia8_RunIIFall17MiniAODv2PU2017_12Apr2018_94X_mc2017_realistic_v14/190129_190959/0000/stopFlatNtuples_57.root
   Adding file /mnt/hadoop/user/uscms01/pnfs/unl.edu/data4/cms/store/user/eschmitz/Ewkinos/WZ_TuneCP5_13TeV-pythia8/crab_WZ_TuneCP5_13TeV-pythia8_RunIIFall17MiniAODv2PU2017_12Apr2018_94X_mc2017_realistic_v14/190129_190959/0000/stopFlatNtuples_58.root
   Adding file /mnt/hadoop/user/uscms01/pnfs/unl.edu/data4/cms/store/user/eschmitz/Ewkinos/WZ_TuneCP5_13TeV-pythia8/crab_WZ_TuneCP5_13TeV-pythia8_RunIIFall17MiniAODv2PU2017_12Apr2018_94X_mc2017_realistic_v14/190129_190959/0000/stopFlatNtuples_59.root
   Adding file /mnt/hadoop/user/uscms01/pnfs/unl.edu/data4/cms/store/user/eschmitz/Ewkinos/WZ_TuneCP5_13TeV-pythia8/crab_WZ_TuneCP5_13TeV-pythia8_RunIIFall17MiniAODv2PU2017_12Apr2018_94X_mc2017_realistic_v14/190129_190959/0000/stopFlatNtuples_6.root
   Adding file /mnt/hadoop/user/uscms01/pnfs/unl.edu/data4/cms/store/user/eschmitz/Ewkinos/WZ_TuneCP5_13TeV-pythia8/crab_WZ_TuneCP5_13TeV-pythia8_RunIIFall17MiniAODv2PU2017_12Apr2018_94X_mc2017_realistic_v14/190129_190959/0000/stopFlatNtuples_60.root
   Adding file /mnt/hadoop/user/uscms01/pnfs/unl.edu/data4/cms/store/user/eschmitz/Ewkinos/WZ_TuneCP5_13TeV-pythia8/crab_WZ_TuneCP5_13TeV-pythia8_RunIIFall17MiniAODv2PU2017_12Apr2018_94X_mc2017_realistic_v14/190129_190959/0000/stopFlatNtuples_61.root
   Adding file /mnt/hadoop/user/uscms01/pnfs/unl.edu/data4/cms/store/user/eschmitz/Ewkinos/WZ_TuneCP5_13TeV-pythia8/crab_WZ_TuneCP5_13TeV-pythia8_RunIIFall17MiniAODv2PU2017_12Apr2018_94X_mc2017_realistic_v14/190129_190959/0000/stopFlatNtuples_62.root
   Adding file /mnt/hadoop/user/uscms01/pnfs/unl.edu/data4/cms/store/user/eschmitz/Ewkinos/WZ_TuneCP5_13TeV-pythia8/crab_WZ_TuneCP5_13TeV-pythia8_RunIIFall17MiniAODv2PU2017_12Apr2018_94X_mc2017_realistic_v14/190129_190959/0000/stopFlatNtuples_63.root
   Adding file /mnt/hadoop/user/uscms01/pnfs/unl.edu/data4/cms/store/user/eschmitz/Ewkinos/WZ_TuneCP5_13TeV-pythia8/crab_WZ_TuneCP5_13TeV-pythia8_RunIIFall17MiniAODv2PU2017_12Apr2018_94X_mc2017_realistic_v14/190129_190959/0000/stopFlatNtuples_64.root
   Adding file /mnt/hadoop/user/uscms01/pnfs/unl.edu/data4/cms/store/user/eschmitz/Ewkinos/WZ_TuneCP5_13TeV-pythia8/crab_WZ_TuneCP5_13TeV-pythia8_RunIIFall17MiniAODv2PU2017_12Apr2018_94X_mc2017_realistic_v14/190129_190959/0000/stopFlatNtuples_65.root
   Adding file /mnt/hadoop/user/uscms01/pnfs/unl.edu/data4/cms/store/user/eschmitz/Ewkinos/WZ_TuneCP5_13TeV-pythia8/crab_WZ_TuneCP5_13TeV-pythia8_RunIIFall17MiniAODv2PU2017_12Apr2018_94X_mc2017_realistic_v14/190129_190959/0000/stopFlatNtuples_66.root
   Adding file /mnt/hadoop/user/uscms01/pnfs/unl.edu/data4/cms/store/user/eschmitz/Ewkinos/WZ_TuneCP5_13TeV-pythia8/crab_WZ_TuneCP5_13TeV-pythia8_RunIIFall17MiniAODv2PU2017_12Apr2018_94X_mc2017_realistic_v14/190129_190959/0000/stopFlatNtuples_67.root
   Adding file /mnt/hadoop/user/uscms01/pnfs/unl.edu/data4/cms/store/user/eschmitz/Ewkinos/WZ_TuneCP5_13TeV-pythia8/crab_WZ_TuneCP5_13TeV-pythia8_RunIIFall17MiniAODv2PU2017_12Apr2018_94X_mc2017_realistic_v14/190129_190959/0000/stopFlatNtuples_68.root
   Adding file /mnt/hadoop/user/uscms01/pnfs/unl.edu/data4/cms/store/user/eschmitz/Ewkinos/WZ_TuneCP5_13TeV-pythia8/crab_WZ_TuneCP5_13TeV-pythia8_RunIIFall17MiniAODv2PU2017_12Apr2018_94X_mc2017_realistic_v14/190129_190959/0000/stopFlatNtuples_69.root
   Adding file /mnt/hadoop/user/uscms01/pnfs/unl.edu/data4/cms/store/user/eschmitz/Ewkinos/WZ_TuneCP5_13TeV-pythia8/crab_WZ_TuneCP5_13TeV-pythia8_RunIIFall17MiniAODv2PU2017_12Apr2018_94X_mc2017_realistic_v14/190129_190959/0000/stopFlatNtuples_7.root
   Adding file /mnt/hadoop/user/uscms01/pnfs/unl.edu/data4/cms/store/user/eschmitz/Ewkinos/WZ_TuneCP5_13TeV-pythia8/crab_WZ_TuneCP5_13TeV-pythia8_RunIIFall17MiniAODv2PU2017_12Apr2018_94X_mc2017_realistic_v14/190129_190959/0000/stopFlatNtuples_70.root
   Adding file /mnt/hadoop/user/uscms01/pnfs/unl.edu/data4/cms/store/user/eschmitz/Ewkinos/WZ_TuneCP5_13TeV-pythia8/crab_WZ_TuneCP5_13TeV-pythia8_RunIIFall17MiniAODv2PU2017_12Apr2018_94X_mc2017_realistic_v14/190129_190959/0000/stopFlatNtuples_71.root
   Adding file /mnt/hadoop/user/uscms01/pnfs/unl.edu/data4/cms/store/user/eschmitz/Ewkinos/WZ_TuneCP5_13TeV-pythia8/crab_WZ_TuneCP5_13TeV-pythia8_RunIIFall17MiniAODv2PU2017_12Apr2018_94X_mc2017_realistic_v14/190129_190959/0000/stopFlatNtuples_72.root
   Adding file /mnt/hadoop/user/uscms01/pnfs/unl.edu/data4/cms/store/user/eschmitz/Ewkinos/WZ_TuneCP5_13TeV-pythia8/crab_WZ_TuneCP5_13TeV-pythia8_RunIIFall17MiniAODv2PU2017_12Apr2018_94X_mc2017_realistic_v14/190129_190959/0000/stopFlatNtuples_73.root
   Adding file /mnt/hadoop/user/uscms01/pnfs/unl.edu/data4/cms/store/user/eschmitz/Ewkinos/WZ_TuneCP5_13TeV-pythia8/crab_WZ_TuneCP5_13TeV-pythia8_RunIIFall17MiniAODv2PU2017_12Apr2018_94X_mc2017_realistic_v14/190129_190959/0000/stopFlatNtuples_74.root
   Adding file /mnt/hadoop/user/uscms01/pnfs/unl.edu/data4/cms/store/user/eschmitz/Ewkinos/WZ_TuneCP5_13TeV-pythia8/crab_WZ_TuneCP5_13TeV-pythia8_RunIIFall17MiniAODv2PU2017_12Apr2018_94X_mc2017_realistic_v14/190129_190959/0000/stopFlatNtuples_75.root
   Adding file /mnt/hadoop/user/uscms01/pnfs/unl.edu/data4/cms/store/user/eschmitz/Ewkinos/WZ_TuneCP5_13TeV-pythia8/crab_WZ_TuneCP5_13TeV-pythia8_RunIIFall17MiniAODv2PU2017_12Apr2018_94X_mc2017_realistic_v14/190129_190959/0000/stopFlatNtuples_76.root
   Adding file /mnt/hadoop/user/uscms01/pnfs/unl.edu/data4/cms/store/user/eschmitz/Ewkinos/WZ_TuneCP5_13TeV-pythia8/crab_WZ_TuneCP5_13TeV-pythia8_RunIIFall17MiniAODv2PU2017_12Apr2018_94X_mc2017_realistic_v14/190129_190959/0000/stopFlatNtuples_77.root
   Adding file /mnt/hadoop/user/uscms01/pnfs/unl.edu/data4/cms/store/user/eschmitz/Ewkinos/WZ_TuneCP5_13TeV-pythia8/crab_WZ_TuneCP5_13TeV-pythia8_RunIIFall17MiniAODv2PU2017_12Apr2018_94X_mc2017_realistic_v14/190129_190959/0000/stopFlatNtuples_78.root
   Adding file /mnt/hadoop/user/uscms01/pnfs/unl.edu/data4/cms/store/user/eschmitz/Ewkinos/WZ_TuneCP5_13TeV-pythia8/crab_WZ_TuneCP5_13TeV-pythia8_RunIIFall17MiniAODv2PU2017_12Apr2018_94X_mc2017_realistic_v14/190129_190959/0000/stopFlatNtuples_79.root
   Adding file /mnt/hadoop/user/uscms01/pnfs/unl.edu/data4/cms/store/user/eschmitz/Ewkinos/WZ_TuneCP5_13TeV-pythia8/crab_WZ_TuneCP5_13TeV-pythia8_RunIIFall17MiniAODv2PU2017_12Apr2018_94X_mc2017_realistic_v14/190129_190959/0000/stopFlatNtuples_8.root
   Adding file /mnt/hadoop/user/uscms01/pnfs/unl.edu/data4/cms/store/user/eschmitz/Ewkinos/WZ_TuneCP5_13TeV-pythia8/crab_WZ_TuneCP5_13TeV-pythia8_RunIIFall17MiniAODv2PU2017_12Apr2018_94X_mc2017_realistic_v14/190129_190959/0000/stopFlatNtuples_80.root
   Adding file /mnt/hadoop/user/uscms01/pnfs/unl.edu/data4/cms/store/user/eschmitz/Ewkinos/WZ_TuneCP5_13TeV-pythia8/crab_WZ_TuneCP5_13TeV-pythia8_RunIIFall17MiniAODv2PU2017_12Apr2018_94X_mc2017_realistic_v14/190129_190959/0000/stopFlatNtuples_81.root
   Adding file /mnt/hadoop/user/uscms01/pnfs/unl.edu/data4/cms/store/user/eschmitz/Ewkinos/WZ_TuneCP5_13TeV-pythia8/crab_WZ_TuneCP5_13TeV-pythia8_RunIIFall17MiniAODv2PU2017_12Apr2018_94X_mc2017_realistic_v14/190129_190959/0000/stopFlatNtuples_9.root
 event = 0 : 3928630
 event = 392863 : 3928630
 event = 785726 : 3928630
 event = 1178589 : 3928630
