
[36mRestFrames v1.0.0 -- Developed by Christopher Rogan (crogan@cern.ch)
                     Copyright (c) 2014-2018, Christopher Rogan
                     http://RestFrames.com
[0m
   Adding file /mnt/hadoop/user/uscms01/pnfs/unl.edu/data4/cms/store/user/zflowers/Ewkinos/DYJetsToLL_M-50_HT-800to1200_TuneCUETP8M1_13TeV-madgraphMLM-pythia8/crab_DYJetsToLL_M-50_HT-800to1200_TuneCUETP8M1_13TeV-madgraphMLM-pythia8RunIISummer16MiniAODv3/190322_153048/0000/stopFlatNtuples_1.root
   Adding file /mnt/hadoop/user/uscms01/pnfs/unl.edu/data4/cms/store/user/zflowers/Ewkinos/DYJetsToLL_M-50_HT-800to1200_TuneCUETP8M1_13TeV-madgraphMLM-pythia8/crab_DYJetsToLL_M-50_HT-800to1200_TuneCUETP8M1_13TeV-madgraphMLM-pythia8RunIISummer16MiniAODv3/190322_153048/0000/stopFlatNtuples_10.root
   Adding file /mnt/hadoop/user/uscms01/pnfs/unl.edu/data4/cms/store/user/zflowers/Ewkinos/DYJetsToLL_M-50_HT-800to1200_TuneCUETP8M1_13TeV-madgraphMLM-pythia8/crab_DYJetsToLL_M-50_HT-800to1200_TuneCUETP8M1_13TeV-madgraphMLM-pythia8RunIISummer16MiniAODv3/190322_153048/0000/stopFlatNtuples_11.root
   Adding file /mnt/hadoop/user/uscms01/pnfs/unl.edu/data4/cms/store/user/zflowers/Ewkinos/DYJetsToLL_M-50_HT-800to1200_TuneCUETP8M1_13TeV-madgraphMLM-pythia8/crab_DYJetsToLL_M-50_HT-800to1200_TuneCUETP8M1_13TeV-madgraphMLM-pythia8RunIISummer16MiniAODv3/190322_153048/0000/stopFlatNtuples_12.root
   Adding file /mnt/hadoop/user/uscms01/pnfs/unl.edu/data4/cms/store/user/zflowers/Ewkinos/DYJetsToLL_M-50_HT-800to1200_TuneCUETP8M1_13TeV-madgraphMLM-pythia8/crab_DYJetsToLL_M-50_HT-800to1200_TuneCUETP8M1_13TeV-madgraphMLM-pythia8RunIISummer16MiniAODv3/190322_153048/0000/stopFlatNtuples_13.root
   Adding file /mnt/hadoop/user/uscms01/pnfs/unl.edu/data4/cms/store/user/zflowers/Ewkinos/DYJetsToLL_M-50_HT-800to1200_TuneCUETP8M1_13TeV-madgraphMLM-pythia8/crab_DYJetsToLL_M-50_HT-800to1200_TuneCUETP8M1_13TeV-madgraphMLM-pythia8RunIISummer16MiniAODv3/190322_153048/0000/stopFlatNtuples_14.root
   Adding file /mnt/hadoop/user/uscms01/pnfs/unl.edu/data4/cms/store/user/zflowers/Ewkinos/DYJetsToLL_M-50_HT-800to1200_TuneCUETP8M1_13TeV-madgraphMLM-pythia8/crab_DYJetsToLL_M-50_HT-800to1200_TuneCUETP8M1_13TeV-madgraphMLM-pythia8RunIISummer16MiniAODv3/190322_153048/0000/stopFlatNtuples_15.root
   Adding file /mnt/hadoop/user/uscms01/pnfs/unl.edu/data4/cms/store/user/zflowers/Ewkinos/DYJetsToLL_M-50_HT-800to1200_TuneCUETP8M1_13TeV-madgraphMLM-pythia8/crab_DYJetsToLL_M-50_HT-800to1200_TuneCUETP8M1_13TeV-madgraphMLM-pythia8RunIISummer16MiniAODv3/190322_153048/0000/stopFlatNtuples_16.root
   Adding file /mnt/hadoop/user/uscms01/pnfs/unl.edu/data4/cms/store/user/zflowers/Ewkinos/DYJetsToLL_M-50_HT-800to1200_TuneCUETP8M1_13TeV-madgraphMLM-pythia8/crab_DYJetsToLL_M-50_HT-800to1200_TuneCUETP8M1_13TeV-madgraphMLM-pythia8RunIISummer16MiniAODv3/190322_153048/0000/stopFlatNtuples_17.root
   Adding file /mnt/hadoop/user/uscms01/pnfs/unl.edu/data4/cms/store/user/zflowers/Ewkinos/DYJetsToLL_M-50_HT-800to1200_TuneCUETP8M1_13TeV-madgraphMLM-pythia8/crab_DYJetsToLL_M-50_HT-800to1200_TuneCUETP8M1_13TeV-madgraphMLM-pythia8RunIISummer16MiniAODv3/190322_153048/0000/stopFlatNtuples_18.root
   Adding file /mnt/hadoop/user/uscms01/pnfs/unl.edu/data4/cms/store/user/zflowers/Ewkinos/DYJetsToLL_M-50_HT-800to1200_TuneCUETP8M1_13TeV-madgraphMLM-pythia8/crab_DYJetsToLL_M-50_HT-800to1200_TuneCUETP8M1_13TeV-madgraphMLM-pythia8RunIISummer16MiniAODv3/190322_153048/0000/stopFlatNtuples_19.root
   Adding file /mnt/hadoop/user/uscms01/pnfs/unl.edu/data4/cms/store/user/zflowers/Ewkinos/DYJetsToLL_M-50_HT-800to1200_TuneCUETP8M1_13TeV-madgraphMLM-pythia8/crab_DYJetsToLL_M-50_HT-800to1200_TuneCUETP8M1_13TeV-madgraphMLM-pythia8RunIISummer16MiniAODv3/190322_153048/0000/stopFlatNtuples_2.root
   Adding file /mnt/hadoop/user/uscms01/pnfs/unl.edu/data4/cms/store/user/zflowers/Ewkinos/DYJetsToLL_M-50_HT-800to1200_TuneCUETP8M1_13TeV-madgraphMLM-pythia8/crab_DYJetsToLL_M-50_HT-800to1200_TuneCUETP8M1_13TeV-madgraphMLM-pythia8RunIISummer16MiniAODv3/190322_153048/0000/stopFlatNtuples_20.root
   Adding file /mnt/hadoop/user/uscms01/pnfs/unl.edu/data4/cms/store/user/zflowers/Ewkinos/DYJetsToLL_M-50_HT-800to1200_TuneCUETP8M1_13TeV-madgraphMLM-pythia8/crab_DYJetsToLL_M-50_HT-800to1200_TuneCUETP8M1_13TeV-madgraphMLM-pythia8RunIISummer16MiniAODv3/190322_153048/0000/stopFlatNtuples_21.root
   Adding file /mnt/hadoop/user/uscms01/pnfs/unl.edu/data4/cms/store/user/zflowers/Ewkinos/DYJetsToLL_M-50_HT-800to1200_TuneCUETP8M1_13TeV-madgraphMLM-pythia8/crab_DYJetsToLL_M-50_HT-800to1200_TuneCUETP8M1_13TeV-madgraphMLM-pythia8RunIISummer16MiniAODv3/190322_153048/0000/stopFlatNtuples_22.root
   Adding file /mnt/hadoop/user/uscms01/pnfs/unl.edu/data4/cms/store/user/zflowers/Ewkinos/DYJetsToLL_M-50_HT-800to1200_TuneCUETP8M1_13TeV-madgraphMLM-pythia8/crab_DYJetsToLL_M-50_HT-800to1200_TuneCUETP8M1_13TeV-madgraphMLM-pythia8RunIISummer16MiniAODv3/190322_153048/0000/stopFlatNtuples_23.root
   Adding file /mnt/hadoop/user/uscms01/pnfs/unl.edu/data4/cms/store/user/zflowers/Ewkinos/DYJetsToLL_M-50_HT-800to1200_TuneCUETP8M1_13TeV-madgraphMLM-pythia8/crab_DYJetsToLL_M-50_HT-800to1200_TuneCUETP8M1_13TeV-madgraphMLM-pythia8RunIISummer16MiniAODv3/190322_153048/0000/stopFlatNtuples_24.root
   Adding file /mnt/hadoop/user/uscms01/pnfs/unl.edu/data4/cms/store/user/zflowers/Ewkinos/DYJetsToLL_M-50_HT-800to1200_TuneCUETP8M1_13TeV-madgraphMLM-pythia8/crab_DYJetsToLL_M-50_HT-800to1200_TuneCUETP8M1_13TeV-madgraphMLM-pythia8RunIISummer16MiniAODv3/190322_153048/0000/stopFlatNtuples_25.root
   Adding file /mnt/hadoop/user/uscms01/pnfs/unl.edu/data4/cms/store/user/zflowers/Ewkinos/DYJetsToLL_M-50_HT-800to1200_TuneCUETP8M1_13TeV-madgraphMLM-pythia8/crab_DYJetsToLL_M-50_HT-800to1200_TuneCUETP8M1_13TeV-madgraphMLM-pythia8RunIISummer16MiniAODv3/190322_153048/0000/stopFlatNtuples_26.root
   Adding file /mnt/hadoop/user/uscms01/pnfs/unl.edu/data4/cms/store/user/zflowers/Ewkinos/DYJetsToLL_M-50_HT-800to1200_TuneCUETP8M1_13TeV-madgraphMLM-pythia8/crab_DYJetsToLL_M-50_HT-800to1200_TuneCUETP8M1_13TeV-madgraphMLM-pythia8RunIISummer16MiniAODv3/190322_153048/0000/stopFlatNtuples_27.root
   Adding file /mnt/hadoop/user/uscms01/pnfs/unl.edu/data4/cms/store/user/zflowers/Ewkinos/DYJetsToLL_M-50_HT-800to1200_TuneCUETP8M1_13TeV-madgraphMLM-pythia8/crab_DYJetsToLL_M-50_HT-800to1200_TuneCUETP8M1_13TeV-madgraphMLM-pythia8RunIISummer16MiniAODv3/190322_153048/0000/stopFlatNtuples_28.root
   Adding file /mnt/hadoop/user/uscms01/pnfs/unl.edu/data4/cms/store/user/zflowers/Ewkinos/DYJetsToLL_M-50_HT-800to1200_TuneCUETP8M1_13TeV-madgraphMLM-pythia8/crab_DYJetsToLL_M-50_HT-800to1200_TuneCUETP8M1_13TeV-madgraphMLM-pythia8RunIISummer16MiniAODv3/190322_153048/0000/stopFlatNtuples_29.root
   Adding file /mnt/hadoop/user/uscms01/pnfs/unl.edu/data4/cms/store/user/zflowers/Ewkinos/DYJetsToLL_M-50_HT-800to1200_TuneCUETP8M1_13TeV-madgraphMLM-pythia8/crab_DYJetsToLL_M-50_HT-800to1200_TuneCUETP8M1_13TeV-madgraphMLM-pythia8RunIISummer16MiniAODv3/190322_153048/0000/stopFlatNtuples_3.root
   Adding file /mnt/hadoop/user/uscms01/pnfs/unl.edu/data4/cms/store/user/zflowers/Ewkinos/DYJetsToLL_M-50_HT-800to1200_TuneCUETP8M1_13TeV-madgraphMLM-pythia8/crab_DYJetsToLL_M-50_HT-800to1200_TuneCUETP8M1_13TeV-madgraphMLM-pythia8RunIISummer16MiniAODv3/190322_153048/0000/stopFlatNtuples_30.root
   Adding file /mnt/hadoop/user/uscms01/pnfs/unl.edu/data4/cms/store/user/zflowers/Ewkinos/DYJetsToLL_M-50_HT-800to1200_TuneCUETP8M1_13TeV-madgraphMLM-pythia8/crab_DYJetsToLL_M-50_HT-800to1200_TuneCUETP8M1_13TeV-madgraphMLM-pythia8RunIISummer16MiniAODv3/190322_153048/0000/stopFlatNtuples_31.root
   Adding file /mnt/hadoop/user/uscms01/pnfs/unl.edu/data4/cms/store/user/zflowers/Ewkinos/DYJetsToLL_M-50_HT-800to1200_TuneCUETP8M1_13TeV-madgraphMLM-pythia8/crab_DYJetsToLL_M-50_HT-800to1200_TuneCUETP8M1_13TeV-madgraphMLM-pythia8RunIISummer16MiniAODv3/190322_153048/0000/stopFlatNtuples_32.root
   Adding file /mnt/hadoop/user/uscms01/pnfs/unl.edu/data4/cms/store/user/zflowers/Ewkinos/DYJetsToLL_M-50_HT-800to1200_TuneCUETP8M1_13TeV-madgraphMLM-pythia8/crab_DYJetsToLL_M-50_HT-800to1200_TuneCUETP8M1_13TeV-madgraphMLM-pythia8RunIISummer16MiniAODv3/190322_153048/0000/stopFlatNtuples_33.root
   Adding file /mnt/hadoop/user/uscms01/pnfs/unl.edu/data4/cms/store/user/zflowers/Ewkinos/DYJetsToLL_M-50_HT-800to1200_TuneCUETP8M1_13TeV-madgraphMLM-pythia8/crab_DYJetsToLL_M-50_HT-800to1200_TuneCUETP8M1_13TeV-madgraphMLM-pythia8RunIISummer16MiniAODv3/190322_153048/0000/stopFlatNtuples_34.root
   Adding file /mnt/hadoop/user/uscms01/pnfs/unl.edu/data4/cms/store/user/zflowers/Ewkinos/DYJetsToLL_M-50_HT-800to1200_TuneCUETP8M1_13TeV-madgraphMLM-pythia8/crab_DYJetsToLL_M-50_HT-800to1200_TuneCUETP8M1_13TeV-madgraphMLM-pythia8RunIISummer16MiniAODv3/190322_153048/0000/stopFlatNtuples_35.root
   Adding file /mnt/hadoop/user/uscms01/pnfs/unl.edu/data4/cms/store/user/zflowers/Ewkinos/DYJetsToLL_M-50_HT-800to1200_TuneCUETP8M1_13TeV-madgraphMLM-pythia8/crab_DYJetsToLL_M-50_HT-800to1200_TuneCUETP8M1_13TeV-madgraphMLM-pythia8RunIISummer16MiniAODv3/190322_153048/0000/stopFlatNtuples_36.root
   Adding file /mnt/hadoop/user/uscms01/pnfs/unl.edu/data4/cms/store/user/zflowers/Ewkinos/DYJetsToLL_M-50_HT-800to1200_TuneCUETP8M1_13TeV-madgraphMLM-pythia8/crab_DYJetsToLL_M-50_HT-800to1200_TuneCUETP8M1_13TeV-madgraphMLM-pythia8RunIISummer16MiniAODv3/190322_153048/0000/stopFlatNtuples_37.root
   Adding file /mnt/hadoop/user/uscms01/pnfs/unl.edu/data4/cms/store/user/zflowers/Ewkinos/DYJetsToLL_M-50_HT-800to1200_TuneCUETP8M1_13TeV-madgraphMLM-pythia8/crab_DYJetsToLL_M-50_HT-800to1200_TuneCUETP8M1_13TeV-madgraphMLM-pythia8RunIISummer16MiniAODv3/190322_153048/0000/stopFlatNtuples_38.root
   Adding file /mnt/hadoop/user/uscms01/pnfs/unl.edu/data4/cms/store/user/zflowers/Ewkinos/DYJetsToLL_M-50_HT-800to1200_TuneCUETP8M1_13TeV-madgraphMLM-pythia8/crab_DYJetsToLL_M-50_HT-800to1200_TuneCUETP8M1_13TeV-madgraphMLM-pythia8RunIISummer16MiniAODv3/190322_153048/0000/stopFlatNtuples_39.root
   Adding file /mnt/hadoop/user/uscms01/pnfs/unl.edu/data4/cms/store/user/zflowers/Ewkinos/DYJetsToLL_M-50_HT-800to1200_TuneCUETP8M1_13TeV-madgraphMLM-pythia8/crab_DYJetsToLL_M-50_HT-800to1200_TuneCUETP8M1_13TeV-madgraphMLM-pythia8RunIISummer16MiniAODv3/190322_153048/0000/stopFlatNtuples_4.root
   Adding file /mnt/hadoop/user/uscms01/pnfs/unl.edu/data4/cms/store/user/zflowers/Ewkinos/DYJetsToLL_M-50_HT-800to1200_TuneCUETP8M1_13TeV-madgraphMLM-pythia8/crab_DYJetsToLL_M-50_HT-800to1200_TuneCUETP8M1_13TeV-madgraphMLM-pythia8RunIISummer16MiniAODv3/190322_153048/0000/stopFlatNtuples_40.root
   Adding file /mnt/hadoop/user/uscms01/pnfs/unl.edu/data4/cms/store/user/zflowers/Ewkinos/DYJetsToLL_M-50_HT-800to1200_TuneCUETP8M1_13TeV-madgraphMLM-pythia8/crab_DYJetsToLL_M-50_HT-800to1200_TuneCUETP8M1_13TeV-madgraphMLM-pythia8RunIISummer16MiniAODv3/190322_153048/0000/stopFlatNtuples_41.root
   Adding file /mnt/hadoop/user/uscms01/pnfs/unl.edu/data4/cms/store/user/zflowers/Ewkinos/DYJetsToLL_M-50_HT-800to1200_TuneCUETP8M1_13TeV-madgraphMLM-pythia8/crab_DYJetsToLL_M-50_HT-800to1200_TuneCUETP8M1_13TeV-madgraphMLM-pythia8RunIISummer16MiniAODv3/190322_153048/0000/stopFlatNtuples_42.root
   Adding file /mnt/hadoop/user/uscms01/pnfs/unl.edu/data4/cms/store/user/zflowers/Ewkinos/DYJetsToLL_M-50_HT-800to1200_TuneCUETP8M1_13TeV-madgraphMLM-pythia8/crab_DYJetsToLL_M-50_HT-800to1200_TuneCUETP8M1_13TeV-madgraphMLM-pythia8RunIISummer16MiniAODv3/190322_153048/0000/stopFlatNtuples_43.root
   Adding file /mnt/hadoop/user/uscms01/pnfs/unl.edu/data4/cms/store/user/zflowers/Ewkinos/DYJetsToLL_M-50_HT-800to1200_TuneCUETP8M1_13TeV-madgraphMLM-pythia8/crab_DYJetsToLL_M-50_HT-800to1200_TuneCUETP8M1_13TeV-madgraphMLM-pythia8RunIISummer16MiniAODv3/190322_153048/0000/stopFlatNtuples_44.root
   Adding file /mnt/hadoop/user/uscms01/pnfs/unl.edu/data4/cms/store/user/zflowers/Ewkinos/DYJetsToLL_M-50_HT-800to1200_TuneCUETP8M1_13TeV-madgraphMLM-pythia8/crab_DYJetsToLL_M-50_HT-800to1200_TuneCUETP8M1_13TeV-madgraphMLM-pythia8RunIISummer16MiniAODv3/190322_153048/0000/stopFlatNtuples_45.root
   Adding file /mnt/hadoop/user/uscms01/pnfs/unl.edu/data4/cms/store/user/zflowers/Ewkinos/DYJetsToLL_M-50_HT-800to1200_TuneCUETP8M1_13TeV-madgraphMLM-pythia8/crab_DYJetsToLL_M-50_HT-800to1200_TuneCUETP8M1_13TeV-madgraphMLM-pythia8RunIISummer16MiniAODv3/190322_153048/0000/stopFlatNtuples_46.root
   Adding file /mnt/hadoop/user/uscms01/pnfs/unl.edu/data4/cms/store/user/zflowers/Ewkinos/DYJetsToLL_M-50_HT-800to1200_TuneCUETP8M1_13TeV-madgraphMLM-pythia8/crab_DYJetsToLL_M-50_HT-800to1200_TuneCUETP8M1_13TeV-madgraphMLM-pythia8RunIISummer16MiniAODv3/190322_153048/0000/stopFlatNtuples_47.root
   Adding file /mnt/hadoop/user/uscms01/pnfs/unl.edu/data4/cms/store/user/zflowers/Ewkinos/DYJetsToLL_M-50_HT-800to1200_TuneCUETP8M1_13TeV-madgraphMLM-pythia8/crab_DYJetsToLL_M-50_HT-800to1200_TuneCUETP8M1_13TeV-madgraphMLM-pythia8RunIISummer16MiniAODv3/190322_153048/0000/stopFlatNtuples_48.root
   Adding file /mnt/hadoop/user/uscms01/pnfs/unl.edu/data4/cms/store/user/zflowers/Ewkinos/DYJetsToLL_M-50_HT-800to1200_TuneCUETP8M1_13TeV-madgraphMLM-pythia8/crab_DYJetsToLL_M-50_HT-800to1200_TuneCUETP8M1_13TeV-madgraphMLM-pythia8RunIISummer16MiniAODv3/190322_153048/0000/stopFlatNtuples_49.root
   Adding file /mnt/hadoop/user/uscms01/pnfs/unl.edu/data4/cms/store/user/zflowers/Ewkinos/DYJetsToLL_M-50_HT-800to1200_TuneCUETP8M1_13TeV-madgraphMLM-pythia8/crab_DYJetsToLL_M-50_HT-800to1200_TuneCUETP8M1_13TeV-madgraphMLM-pythia8RunIISummer16MiniAODv3/190322_153048/0000/stopFlatNtuples_5.root
   Adding file /mnt/hadoop/user/uscms01/pnfs/unl.edu/data4/cms/store/user/zflowers/Ewkinos/DYJetsToLL_M-50_HT-800to1200_TuneCUETP8M1_13TeV-madgraphMLM-pythia8/crab_DYJetsToLL_M-50_HT-800to1200_TuneCUETP8M1_13TeV-madgraphMLM-pythia8RunIISummer16MiniAODv3/190322_153048/0000/stopFlatNtuples_50.root
   Adding file /mnt/hadoop/user/uscms01/pnfs/unl.edu/data4/cms/store/user/zflowers/Ewkinos/DYJetsToLL_M-50_HT-800to1200_TuneCUETP8M1_13TeV-madgraphMLM-pythia8/crab_DYJetsToLL_M-50_HT-800to1200_TuneCUETP8M1_13TeV-madgraphMLM-pythia8RunIISummer16MiniAODv3/190322_153048/0000/stopFlatNtuples_51.root
   Adding file /mnt/hadoop/user/uscms01/pnfs/unl.edu/data4/cms/store/user/zflowers/Ewkinos/DYJetsToLL_M-50_HT-800to1200_TuneCUETP8M1_13TeV-madgraphMLM-pythia8/crab_DYJetsToLL_M-50_HT-800to1200_TuneCUETP8M1_13TeV-madgraphMLM-pythia8RunIISummer16MiniAODv3/190322_153048/0000/stopFlatNtuples_52.root
   Adding file /mnt/hadoop/user/uscms01/pnfs/unl.edu/data4/cms/store/user/zflowers/Ewkinos/DYJetsToLL_M-50_HT-800to1200_TuneCUETP8M1_13TeV-madgraphMLM-pythia8/crab_DYJetsToLL_M-50_HT-800to1200_TuneCUETP8M1_13TeV-madgraphMLM-pythia8RunIISummer16MiniAODv3/190322_153048/0000/stopFlatNtuples_53.root
   Adding file /mnt/hadoop/user/uscms01/pnfs/unl.edu/data4/cms/store/user/zflowers/Ewkinos/DYJetsToLL_M-50_HT-800to1200_TuneCUETP8M1_13TeV-madgraphMLM-pythia8/crab_DYJetsToLL_M-50_HT-800to1200_TuneCUETP8M1_13TeV-madgraphMLM-pythia8RunIISummer16MiniAODv3/190322_153048/0000/stopFlatNtuples_6.root
   Adding file /mnt/hadoop/user/uscms01/pnfs/unl.edu/data4/cms/store/user/zflowers/Ewkinos/DYJetsToLL_M-50_HT-800to1200_TuneCUETP8M1_13TeV-madgraphMLM-pythia8/crab_DYJetsToLL_M-50_HT-800to1200_TuneCUETP8M1_13TeV-madgraphMLM-pythia8RunIISummer16MiniAODv3/190322_153048/0000/stopFlatNtuples_7.root
   Adding file /mnt/hadoop/user/uscms01/pnfs/unl.edu/data4/cms/store/user/zflowers/Ewkinos/DYJetsToLL_M-50_HT-800to1200_TuneCUETP8M1_13TeV-madgraphMLM-pythia8/crab_DYJetsToLL_M-50_HT-800to1200_TuneCUETP8M1_13TeV-madgraphMLM-pythia8RunIISummer16MiniAODv3/190322_153048/0000/stopFlatNtuples_8.root
   Adding file /mnt/hadoop/user/uscms01/pnfs/unl.edu/data4/cms/store/user/zflowers/Ewkinos/DYJetsToLL_M-50_HT-800to1200_TuneCUETP8M1_13TeV-madgraphMLM-pythia8/crab_DYJetsToLL_M-50_HT-800to1200_TuneCUETP8M1_13TeV-madgraphMLM-pythia8RunIISummer16MiniAODv3/190322_153048/0000/stopFlatNtuples_9.root
 event = 0 : 2673066
 event = 267306 : 2673066
 event = 534612 : 2673066
 event = 801918 : 2673066
 event = 1069224 : 2673066
 event = 1336530 : 2673066
 event = 1603836 : 2673066
 event = 1871142 : 2673066
 event = 2138448 : 2673066
 event = 2405754 : 2673066
 event = 2673060 : 2673066
Ntree 1
