
[36mRestFrames v1.0.0 -- Developed by Christopher Rogan (crogan@cern.ch)
                     Copyright (c) 2014-2018, Christopher Rogan
                     http://RestFrames.com
[0m
   Adding file /mnt/hadoop/user/uscms01/pnfs/unl.edu/data4/cms/store/user/zflowers/Ewkinos/DYJetsToLL_M-50_HT-2500toInf_TuneCUETP8M1_13TeV-madgraphMLM-pythia8/crab_DYJetsToLL_M-50_HT-2500toInf_TuneCUETP8M1_13TeV-madgraphMLM-pythia8RunIISummer16MiniAODv3/190322_153230/0000/stopFlatNtuples_1-1.root
   Adding file /mnt/hadoop/user/uscms01/pnfs/unl.edu/data4/cms/store/user/zflowers/Ewkinos/DYJetsToLL_M-50_HT-2500toInf_TuneCUETP8M1_13TeV-madgraphMLM-pythia8/crab_DYJetsToLL_M-50_HT-2500toInf_TuneCUETP8M1_13TeV-madgraphMLM-pythia8RunIISummer16MiniAODv3/190322_153230/0000/stopFlatNtuples_1-10.root
   Adding file /mnt/hadoop/user/uscms01/pnfs/unl.edu/data4/cms/store/user/zflowers/Ewkinos/DYJetsToLL_M-50_HT-2500toInf_TuneCUETP8M1_13TeV-madgraphMLM-pythia8/crab_DYJetsToLL_M-50_HT-2500toInf_TuneCUETP8M1_13TeV-madgraphMLM-pythia8RunIISummer16MiniAODv3/190322_153230/0000/stopFlatNtuples_1-11.root
   Adding file /mnt/hadoop/user/uscms01/pnfs/unl.edu/data4/cms/store/user/zflowers/Ewkinos/DYJetsToLL_M-50_HT-2500toInf_TuneCUETP8M1_13TeV-madgraphMLM-pythia8/crab_DYJetsToLL_M-50_HT-2500toInf_TuneCUETP8M1_13TeV-madgraphMLM-pythia8RunIISummer16MiniAODv3/190322_153230/0000/stopFlatNtuples_1-2.root
   Adding file /mnt/hadoop/user/uscms01/pnfs/unl.edu/data4/cms/store/user/zflowers/Ewkinos/DYJetsToLL_M-50_HT-2500toInf_TuneCUETP8M1_13TeV-madgraphMLM-pythia8/crab_DYJetsToLL_M-50_HT-2500toInf_TuneCUETP8M1_13TeV-madgraphMLM-pythia8RunIISummer16MiniAODv3/190322_153230/0000/stopFlatNtuples_1-3.root
   Adding file /mnt/hadoop/user/uscms01/pnfs/unl.edu/data4/cms/store/user/zflowers/Ewkinos/DYJetsToLL_M-50_HT-2500toInf_TuneCUETP8M1_13TeV-madgraphMLM-pythia8/crab_DYJetsToLL_M-50_HT-2500toInf_TuneCUETP8M1_13TeV-madgraphMLM-pythia8RunIISummer16MiniAODv3/190322_153230/0000/stopFlatNtuples_1-4.root
   Adding file /mnt/hadoop/user/uscms01/pnfs/unl.edu/data4/cms/store/user/zflowers/Ewkinos/DYJetsToLL_M-50_HT-2500toInf_TuneCUETP8M1_13TeV-madgraphMLM-pythia8/crab_DYJetsToLL_M-50_HT-2500toInf_TuneCUETP8M1_13TeV-madgraphMLM-pythia8RunIISummer16MiniAODv3/190322_153230/0000/stopFlatNtuples_1-5.root
   Adding file /mnt/hadoop/user/uscms01/pnfs/unl.edu/data4/cms/store/user/zflowers/Ewkinos/DYJetsToLL_M-50_HT-2500toInf_TuneCUETP8M1_13TeV-madgraphMLM-pythia8/crab_DYJetsToLL_M-50_HT-2500toInf_TuneCUETP8M1_13TeV-madgraphMLM-pythia8RunIISummer16MiniAODv3/190322_153230/0000/stopFlatNtuples_1-6.root
   Adding file /mnt/hadoop/user/uscms01/pnfs/unl.edu/data4/cms/store/user/zflowers/Ewkinos/DYJetsToLL_M-50_HT-2500toInf_TuneCUETP8M1_13TeV-madgraphMLM-pythia8/crab_DYJetsToLL_M-50_HT-2500toInf_TuneCUETP8M1_13TeV-madgraphMLM-pythia8RunIISummer16MiniAODv3/190322_153230/0000/stopFlatNtuples_1-7.root
   Adding file /mnt/hadoop/user/uscms01/pnfs/unl.edu/data4/cms/store/user/zflowers/Ewkinos/DYJetsToLL_M-50_HT-2500toInf_TuneCUETP8M1_13TeV-madgraphMLM-pythia8/crab_DYJetsToLL_M-50_HT-2500toInf_TuneCUETP8M1_13TeV-madgraphMLM-pythia8RunIISummer16MiniAODv3/190322_153230/0000/stopFlatNtuples_1-8.root
   Adding file /mnt/hadoop/user/uscms01/pnfs/unl.edu/data4/cms/store/user/zflowers/Ewkinos/DYJetsToLL_M-50_HT-2500toInf_TuneCUETP8M1_13TeV-madgraphMLM-pythia8/crab_DYJetsToLL_M-50_HT-2500toInf_TuneCUETP8M1_13TeV-madgraphMLM-pythia8RunIISummer16MiniAODv3/190322_153230/0000/stopFlatNtuples_1-9.root
   Adding file /mnt/hadoop/user/uscms01/pnfs/unl.edu/data4/cms/store/user/zflowers/Ewkinos/DYJetsToLL_M-50_HT-2500toInf_TuneCUETP8M1_13TeV-madgraphMLM-pythia8/crab_DYJetsToLL_M-50_HT-2500toInf_TuneCUETP8M1_13TeV-madgraphMLM-pythia8RunIISummer16MiniAODv3/190322_153230/0000/stopFlatNtuples_1.root
   Adding file /mnt/hadoop/user/uscms01/pnfs/unl.edu/data4/cms/store/user/zflowers/Ewkinos/DYJetsToLL_M-50_HT-2500toInf_TuneCUETP8M1_13TeV-madgraphMLM-pythia8/crab_DYJetsToLL_M-50_HT-2500toInf_TuneCUETP8M1_13TeV-madgraphMLM-pythia8RunIISummer16MiniAODv3/190322_153230/0000/stopFlatNtuples_11.root
   Adding file /mnt/hadoop/user/uscms01/pnfs/unl.edu/data4/cms/store/user/zflowers/Ewkinos/DYJetsToLL_M-50_HT-2500toInf_TuneCUETP8M1_13TeV-madgraphMLM-pythia8/crab_DYJetsToLL_M-50_HT-2500toInf_TuneCUETP8M1_13TeV-madgraphMLM-pythia8RunIISummer16MiniAODv3/190322_153230/0000/stopFlatNtuples_2.root
   Adding file /mnt/hadoop/user/uscms01/pnfs/unl.edu/data4/cms/store/user/zflowers/Ewkinos/DYJetsToLL_M-50_HT-2500toInf_TuneCUETP8M1_13TeV-madgraphMLM-pythia8/crab_DYJetsToLL_M-50_HT-2500toInf_TuneCUETP8M1_13TeV-madgraphMLM-pythia8RunIISummer16MiniAODv3/190322_153230/0000/stopFlatNtuples_5.root
   Adding file /mnt/hadoop/user/uscms01/pnfs/unl.edu/data4/cms/store/user/zflowers/Ewkinos/DYJetsToLL_M-50_HT-2500toInf_TuneCUETP8M1_13TeV-madgraphMLM-pythia8/crab_DYJetsToLL_M-50_HT-2500toInf_TuneCUETP8M1_13TeV-madgraphMLM-pythia8RunIISummer16MiniAODv3/190322_153230/0000/stopFlatNtuples_6.root
   Adding file /mnt/hadoop/user/uscms01/pnfs/unl.edu/data4/cms/store/user/zflowers/Ewkinos/DYJetsToLL_M-50_HT-2500toInf_TuneCUETP8M1_13TeV-madgraphMLM-pythia8/crab_DYJetsToLL_M-50_HT-2500toInf_TuneCUETP8M1_13TeV-madgraphMLM-pythia8RunIISummer16MiniAODv3/190322_153230/0000/stopFlatNtuples_7.root
   Adding file /mnt/hadoop/user/uscms01/pnfs/unl.edu/data4/cms/store/user/zflowers/Ewkinos/DYJetsToLL_M-50_HT-2500toInf_TuneCUETP8M1_13TeV-madgraphMLM-pythia8/crab_DYJetsToLL_M-50_HT-2500toInf_TuneCUETP8M1_13TeV-madgraphMLM-pythia8RunIISummer16MiniAODv3/190322_153230/0000/stopFlatNtuples_8.root
   Adding file /mnt/hadoop/user/uscms01/pnfs/unl.edu/data4/cms/store/user/zflowers/Ewkinos/DYJetsToLL_M-50_HT-2500toInf_TuneCUETP8M1_13TeV-madgraphMLM-pythia8/crab_DYJetsToLL_M-50_HT-2500toInf_TuneCUETP8M1_13TeV-madgraphMLM-pythia8RunIISummer16MiniAODv3/190322_153230/0000/stopFlatNtuples_9.root
 event = 0 : 399492
 event = 39949 : 399492
 event = 79898 : 399492
 event = 119847 : 399492
 event = 159796 : 399492
 event = 199745 : 399492
 event = 239694 : 399492
 event = 279643 : 399492
 event = 319592 : 399492
 event = 359541 : 399492
 event = 399490 : 399492
Ntree 1
